001,code:0000            ;Processor 8051
002,code:0000 1137       ACALL 55
003,code:0002 0137       AJMP 55
004,code:0004 38         ADDC A,R0
005,code:0005 39         ADDC A,R1
006,code:0006 3a         ADDC A,R2
007,code:0007 3b         ADDC A,R3
008,code:0008 3c         ADDC A,R4
009,code:0009 3d         ADDC A,R5
010,code:000a 3e         ADDC A,R6
011,code:000b 3f         ADDC A,R7
012,code:000c 36         ADDC A,@R0
013,code:000d 37         ADDC A,@R1
014,code:000e 3437       ADDC A,#55
015,code:0010 3537       ADDC A,55
016,code:0012 28         ADD A,R0
017,code:0013 29         ADD A,R1
018,code:0014 2a         ADD A,R2
019,code:0015 2b         ADD A,R3
020,code:0016 2c         ADD A,R4
021,code:0017 2d         ADD A,R5
022,code:0018 2e         ADD A,R6
023,code:0019 2f         ADD A,R7
024,code:001a 26         ADD A,@R0
025,code:001b 27         ADD A,@R1
026,code:001c 2437       ADD A,#55
027,code:001e 2537       ADD A,55
028,code:0020 58         ANL A,R0
029,code:0021 59         ANL A,R1
030,code:0022 5a         ANL A,R2
031,code:0023 5b         ANL A,R3
032,code:0024 5c         ANL A,R4
033,code:0025 5d         ANL A,R5
034,code:0026 5e         ANL A,R6
035,code:0027 5f         ANL A,R7
036,code:0028 56         ANL A,@R0
037,code:0029 57         ANL A,@R1
038,code:002a 5437       ANL A,#55
039,code:002c 5537       ANL A,55
040,code:002e b037       ANL C,/55
041,code:0030 8237       ANL C,55
042,code:0032 5237       ANL 55,A
043,code:0034 533737     ANL 55,#55
044,code:0037 b4370037   CJNE A,#55,55
045,code:003a b5370037   CJNE A,55,55
046,code:003d b8370037   CJNE R0,#55,55
047,code:0040 b9370037   CJNE R1,#55,55
048,code:0043 ba370037   CJNE R2,#55,55
049,code:0046 bb370037   CJNE R3,#55,55
050,code:0049 bc370037   CJNE R4,#55,55
051,code:004c bd370037   CJNE R5,#55,55
052,code:004f be370037   CJNE R6,#55,55
053,code:0052 bf370037   CJNE R7,#55,55
054,code:0055 b6370037   CJNE @R0,#55,55
055,code:0058 b7370037   CJNE @R1,#55,55
056,code:005b e4         CLR A
057,code:005c c3         CLR C
058,code:005d c237       CLR 55
059,code:005f f4         CPL A
060,code:0060 b3         CPL C
061,code:0061 b237       CPL 55
062,code:0063 d4         DA A
063,code:0064 14         DEC A
064,code:0065 18         DEC R0
065,code:0066 19         DEC R1
066,code:0067 1a         DEC R2
067,code:0068 1b         DEC R3
068,code:0069 1c         DEC R4
069,code:006a 1d         DEC R5
070,code:006b 1e         DEC R6
071,code:006c 1f         DEC R7
072,code:006d 16         DEC @R0
073,code:006e 17         DEC @R1
074,code:006f 1537       DEC 55
075,code:0071 84         DIV AB
076,code:0072 d80037     DJNZ R0,55
077,code:0074 d90037     DJNZ R1,55
078,code:0076 da0037     DJNZ R2,55
079,code:0078 db0037     DJNZ R3,55
080,code:007a dc0037     DJNZ R4,55
081,code:007c dd0037     DJNZ R5,55
082,code:007e de0037     DJNZ R6,55
083,code:0080 df0037     DJNZ R7,55
084,code:0082 d5370037   DJNZ 55,55
085,code:0085 04         INC A
086,code:0086 08         INC R0
087,code:0087 09         INC R1
088,code:0088 0a         INC R2
089,code:0089 0b         INC R3
090,code:008a 0c         INC R4
091,code:008b 0d         INC R5
092,code:008c 0e         INC R6
093,code:008d 0f         INC R7
094,code:008e 06         INC @R0
095,code:008f 07         INC @R1
096,code:0090 c3         INC DPTR
097,code:0091 0537       INC 55
098,code:0093 10370037   JBC 55,55
099,code:0096 20370037   JB 55,55
100,code:0099 400037     JC 55
101,code:009b 73         JMP @A+DPTR
102,code:009c 30370037   JNB 55,55
103,code:009f 500037     JNC 55
104,code:00a1 700037     JNZ 55
105,code:00a3 600037     JZ 55
106,code:00a5 123700     LCALL 55
107,code:00a8 023700     LJMP 55
108,code:00ab 93         MOVC A,@A+DPTR
109,code:00ac 83         MOVC A,@A+PC
110,code:00ad e2         MOVX A,@R0
111,code:00ae e3         MOVX A,@R1
112,code:00af e0         MOVX A,@DPTR
113,code:00b0 f2         MOVX @R0,A
114,code:00b1 f3         MOVX @R1,A
115,code:00b2 f0         MOVX @DPTR,A
116,code:00b3 e8         MOV A,R0
117,code:00b4 e9         MOV A,R1
118,code:00b5 ea         MOV A,R2
119,code:00b6 eb         MOV A,R3
120,code:00b7 ec         MOV A,R4
121,code:00b8 ed         MOV A,R5
122,code:00b9 ee         MOV A,R6
123,code:00ba ef         MOV A,R7
124,code:00bb e6         MOV A,@R0
125,code:00bc e7         MOV A,@R1
126,code:00bd e437       MOV A,#55
127,code:00bf e537       MOV A,55
128,code:00c1 f8         MOV R0,A
129,code:00c2 f9         MOV R1,A
130,code:00c3 fa         MOV R2,A
131,code:00c4 fb         MOV R3,A
132,code:00c5 fc         MOV R4,A
133,code:00c6 fd         MOV R5,A
134,code:00c7 fe         MOV R6,A
135,code:00c8 ff         MOV R7,A
136,code:00c9 7837       MOV R0,#55
137,code:00cb 7937       MOV R1,#55
138,code:00cd 7a37       MOV R2,#55
139,code:00cf 7b37       MOV R3,#55
140,code:00d1 7c37       MOV R4,#55
141,code:00d3 7d37       MOV R5,#55
142,code:00d5 7e37       MOV R6,#55
143,code:00d7 7f37       MOV R7,#55
144,code:00d9 a837       MOV R0,55
145,code:00db a937       MOV R1,55
146,code:00dd aa37       MOV R2,55
147,code:00df ab37       MOV R3,55
148,code:00e1 ac37       MOV R4,55
149,code:00e3 ad37       MOV R5,55
150,code:00e5 ae37       MOV R6,55
151,code:00e7 af37       MOV R7,55
152,code:00e9 903700     MOV DPTR,#55
153,code:00ec f6         MOV @R0,A
154,code:00ed f7         MOV @R1,A
155,code:00ee 7637       MOV @R0,#55
156,code:00f0 7737       MOV @R1,#55
157,code:00f2 a637       MOV @R0,55
158,code:00f4 a737       MOV @R1,55
159,code:00f6 a237       MOV C,55
160,code:00f8 9237       MOV 55,C
161,code:00fa f537       MOV 55,A
162,code:00fc 8837       MOV 55,R0
163,code:00fe 8937       MOV 55,R1
164,code:0100 8a37       MOV 55,R2
165,code:0102 8b37       MOV 55,R3
166,code:0104 8c37       MOV 55,R4
167,code:0106 8d37       MOV 55,R5
168,code:0108 8e37       MOV 55,R6
169,code:010a 8f37       MOV 55,R7
170,code:010c 8637       MOV 55,@R0
171,code:010e 8737       MOV 55,@R1
172,code:0110 753737     MOV 55,#55
173,code:0113 853737     MOV 55,55
174,code:0116 a4         MUL AB
175,code:0117 00         NOP
176,code:0118 48         ORL A,R0
177,code:0119 49         ORL A,R1
178,code:011a 4a         ORL A,R2
179,code:011b 4b         ORL A,R3
180,code:011c 4c         ORL A,R4
181,code:011d 4d         ORL A,R5
182,code:011e 4e         ORL A,R6
183,code:011f 4f         ORL A,R7
184,code:0120 46         ORL A,@R0
185,code:0121 47         ORL A,@R1
186,code:0122 4437       ORL A,#55
187,code:0124 4537       ORL A,55
188,code:0126 a037       ORL C,/55
189,code:0128 7237       ORL C,55
190,code:012a 4237       ORL 55,A
191,code:012c 433737     ORL 55,#55
192,code:012f d037       POP 55
193,code:0131 c037       PUSH 55
194,code:0133 32         RETI
195,code:0134 22         RET
196,code:0135 33         RLC A
197,code:0136 23         RL A
198,code:0137 13         RRC A
199,code:0138 03         RR A
200,code:0139 d3         SETB C
201,code:013a d237       SETB 55
202,code:013c 800163     SJMP 355  ; changed by hand
203,code:013e 98         SUBB A,R0
204,code:013f 99         SUBB A,R1
205,code:0140 9a         SUBB A,R2
206,code:0141 9b         SUBB A,R3
207,code:0142 9c         SUBB A,R4
208,code:0143 9d         SUBB A,R5
209,code:0144 9e         SUBB A,R6
210,code:0145 9f         SUBB A,R7
211,code:0146 96         SUBB A,@R0
212,code:0147 97         SUBB A,@R1
213,code:0148 9437       SUBB A,#55
214,code:014a 9537       SUBB A,55
215,code:014c c4         SWAP A
216,code:014d d6         XCHD A,@R0
217,code:014e d7         XCHD A,@R1
218,code:014f c8         XCH A,R0
219,code:0150 c9         XCH A,R1
220,code:0151 ca         XCH A,R2
221,code:0152 cb         XCH A,R3
222,code:0153 cc         XCH A,R4
223,code:0154 cd         XCH A,R5
224,code:0155 ce         XCH A,R6
225,code:0156 cf         XCH A,R7
226,code:0157 c6         XCH A,@R0
227,code:0158 c7         XCH A,@R1
228,code:0159 c537       XCH A,55
229,code:015b 68         XRL A,R0
230,code:015c 69         XRL A,R1
231,code:015d 6a         XRL A,R2
232,code:015e 6b         XRL A,R3
233,code:015f 6c         XRL A,R4
234,code:0160 6d         XRL A,R5
235,code:0161 6e         XRL A,R6
236,code:0162 6f         XRL A,R7
237,code:0163 66         XRL A,@R0
238,code:0164 67         XRL A,@R1
239,code:0165 6437       XRL A,#55
240,code:0167 6537       XRL A,55
241,code:0169 6237       XRL 55,A
242,code:016b 633737     XRL 55,#55
243,code:016e            
